[2019-05-23 11:10:07][main][INFO ][com.melelee.melelee.MeleleeApplication][?]Starting MeleleeApplication on llmeng with PID 12764 (D:\projects\github\melelee\target\classes started by Administrator in D:\projects\github\melelee)
[2019-05-23 11:10:07][main][INFO ][com.melelee.melelee.MeleleeApplication][?]The following profiles are active: dev
[2019-05-23 11:10:07][background-preinit][INFO ][org.hibernate.validator.internal.util.Version][30]HV000001: Hibernate Validator 5.3.6.Final
[2019-05-23 11:10:08][main][INFO ][o.s.b.c.e.AnnotationConfigEmbeddedWebApplicationContext][583]Refreshing org.springframework.boot.context.embedded.AnnotationConfigEmbeddedWebApplicationContext@53f6fd09: startup date [Thu May 23 11:10:08 CST 2019]; root of context hierarchy
[2019-05-23 11:10:09][main][INFO ][o.s.d.r.config.RepositoryConfigurationDelegate][165]Multiple Spring Data modules found, entering strict repository configuration mode!
[2019-05-23 11:10:10][main][INFO ][o.s.c.s.PostProcessorRegistrationDelegate$BeanPostProcessorChecker][?]Bean 'org.springframework.transaction.annotation.ProxyTransactionManagementConfiguration' of type [org.springframework.transaction.annotation.ProxyTransactionManagementConfiguration$$EnhancerBySpringCGLIB$$7f1a8dcb] is not eligible for getting processed by all BeanPostProcessors (for example: not eligible for auto-proxying)
[2019-05-23 11:10:11][main][INFO ][o.s.b.c.e.tomcat.TomcatEmbeddedServletContainer][89]Tomcat initialized with port(s): 8080 (http)
[2019-05-23 11:10:11][main][INFO ][org.apache.catalina.core.StandardService][180]Starting service [Tomcat]
[2019-05-23 11:10:11][main][INFO ][org.apache.catalina.core.StandardEngine][?]Starting Servlet Engine: Apache Tomcat/8.5.27
[2019-05-23 11:10:11][localhost-startStop-1][INFO ][o.a.c.core.ContainerBase.[Tomcat].[localhost].[/]][180]Initializing Spring embedded WebApplicationContext
[2019-05-23 11:10:11][localhost-startStop-1][INFO ][org.springframework.web.context.ContextLoader][?]Root WebApplicationContext: initialization completed in 3688 ms
[2019-05-23 11:10:12][localhost-startStop-1][INFO ][o.s.boot.web.servlet.ServletRegistrationBean][190]Mapping servlet: 'dispatcherServlet' to [/]
[2019-05-23 11:10:12][localhost-startStop-1][INFO ][o.s.boot.web.servlet.ServletRegistrationBean][?]Mapping servlet: 'statViewServlet' to [/druid/*]
[2019-05-23 11:10:12][localhost-startStop-1][INFO ][o.s.boot.web.servlet.FilterRegistrationBean][258]Mapping filter: 'characterEncodingFilter' to: [/*]
[2019-05-23 11:10:12][localhost-startStop-1][INFO ][o.s.boot.web.servlet.FilterRegistrationBean][?]Mapping filter: 'hiddenHttpMethodFilter' to: [/*]
[2019-05-23 11:10:12][localhost-startStop-1][INFO ][o.s.boot.web.servlet.FilterRegistrationBean][258]Mapping filter: 'httpPutFormContentFilter' to: [/*]
[2019-05-23 11:10:12][localhost-startStop-1][INFO ][o.s.boot.web.servlet.FilterRegistrationBean][258]Mapping filter: 'requestContextFilter' to: [/*]
[2019-05-23 11:10:12][localhost-startStop-1][INFO ][o.s.boot.web.servlet.FilterRegistrationBean][?]Mapping filter: 'webStatFilter' to urls: [/*]
[2019-05-23 11:10:12][main][INFO ][c.a.d.s.b.a.DruidDataSourceAutoConfigure][?]Init DruidDataSource
[2019-05-23 11:10:18][main][INFO ][com.alibaba.druid.pool.DruidDataSource][?]{dataSource-1} inited
[2019-05-23 11:10:19][main][INFO ][o.s.w.s.m.m.a.RequestMappingHandlerMapping][543]Mapped "{[/user/save],methods=[POST]}" onto public java.lang.String com.melelee.melelee.controller.UserController.save(com.melelee.melelee.entity.User)
[2019-05-23 11:10:19][main][INFO ][o.s.w.s.m.m.a.RequestMappingHandlerMapping][543]Mapped "{[/swagger-resources/configuration/security]}" onto public org.springframework.http.ResponseEntity<springfox.documentation.swagger.web.SecurityConfiguration> springfox.documentation.swagger.web.ApiResourceController.securityConfiguration()
[2019-05-23 11:10:19][main][INFO ][o.s.w.s.m.m.a.RequestMappingHandlerMapping][?]Mapped "{[/swagger-resources/configuration/ui]}" onto public org.springframework.http.ResponseEntity<springfox.documentation.swagger.web.UiConfiguration> springfox.documentation.swagger.web.ApiResourceController.uiConfiguration()
[2019-05-23 11:10:19][main][INFO ][o.s.w.s.m.m.a.RequestMappingHandlerMapping][543]Mapped "{[/swagger-resources]}" onto public org.springframework.http.ResponseEntity<java.util.List<springfox.documentation.swagger.web.SwaggerResource>> springfox.documentation.swagger.web.ApiResourceController.swaggerResources()
[2019-05-23 11:10:19][main][INFO ][o.s.w.s.m.m.a.RequestMappingHandlerMapping][?]Mapped "{[/error]}" onto public org.springframework.http.ResponseEntity<java.util.Map<java.lang.String, java.lang.Object>> org.springframework.boot.autoconfigure.web.BasicErrorController.error(javax.servlet.http.HttpServletRequest)
[2019-05-23 11:10:19][main][INFO ][o.s.w.s.m.m.a.RequestMappingHandlerMapping][?]Mapped "{[/error],produces=[text/html]}" onto public org.springframework.web.servlet.ModelAndView org.springframework.boot.autoconfigure.web.BasicErrorController.errorHtml(javax.servlet.http.HttpServletRequest,javax.servlet.http.HttpServletResponse)
[2019-05-23 11:10:19][main][INFO ][s.d.s.w.PropertySourcedRequestMappingHandlerMapping][?]Mapped URL path [/v2/api-docs] onto method [public org.springframework.http.ResponseEntity<springfox.documentation.spring.web.json.Json> springfox.documentation.swagger2.web.Swagger2Controller.getDocumentation(java.lang.String,javax.servlet.http.HttpServletRequest)]
[2019-05-23 11:10:20][main][INFO ][o.s.w.s.m.m.a.RequestMappingHandlerAdapter][534]Looking for @ControllerAdvice: org.springframework.boot.context.embedded.AnnotationConfigEmbeddedWebApplicationContext@53f6fd09: startup date [Thu May 23 11:10:08 CST 2019]; root of context hierarchy
[2019-05-23 11:10:20][main][INFO ][o.s.web.servlet.handler.SimpleUrlHandlerMapping][?]Mapped URL path [/webjars/**] onto handler of type [class org.springframework.web.servlet.resource.ResourceHttpRequestHandler]
[2019-05-23 11:10:20][main][INFO ][o.s.web.servlet.handler.SimpleUrlHandlerMapping][?]Mapped URL path [/**] onto handler of type [class org.springframework.web.servlet.resource.ResourceHttpRequestHandler]
[2019-05-23 11:10:20][main][INFO ][o.s.w.s.m.m.a.ExceptionHandlerExceptionResolver][?]Detected @ExceptionHandler methods in globalExceptionHandler
[2019-05-23 11:10:20][main][INFO ][o.s.web.servlet.handler.SimpleUrlHandlerMapping][362]Mapped URL path [/**/favicon.ico] onto handler of type [class org.springframework.web.servlet.resource.ResourceHttpRequestHandler]
[2019-05-23 11:10:21][main][INFO ][o.s.ui.freemarker.SpringTemplateLoader][61]SpringTemplateLoader for FreeMarker: using resource loader [org.springframework.boot.context.embedded.AnnotationConfigEmbeddedWebApplicationContext@53f6fd09: startup date [Thu May 23 11:10:08 CST 2019]; root of context hierarchy] and template loader path [classpath:/templates/]
[2019-05-23 11:10:21][main][INFO ][o.s.w.servlet.view.freemarker.FreeMarkerConfigurer][127]ClassTemplateLoader for Spring macros added to FreeMarker configuration
[2019-05-23 11:10:21][main][INFO ][o.s.w.s.server.standard.ServerEndpointExporter][?]Registering @ServerEndpoint class: class com.melelee.melelee.controller.WebSocketController
[2019-05-23 11:10:21][main][INFO ][o.s.jmx.export.annotation.AnnotationMBeanExporter][431]Registering beans for JMX exposure on startup
[2019-05-23 11:10:21][main][INFO ][o.s.jmx.export.annotation.AnnotationMBeanExporter][?]Bean with name 'statFilter' has been autodetected for JMX exposure
[2019-05-23 11:10:21][main][INFO ][o.s.jmx.export.annotation.AnnotationMBeanExporter][916]Bean with name 'dataSource' has been autodetected for JMX exposure
[2019-05-23 11:10:21][main][INFO ][o.s.jmx.export.annotation.AnnotationMBeanExporter][?]Located MBean 'dataSource': registering with JMX server as MBean [com.alibaba.druid.spring.boot.autoconfigure:name=dataSource,type=DruidDataSourceWrapper]
[2019-05-23 11:10:21][main][INFO ][o.s.jmx.export.annotation.AnnotationMBeanExporter][671]Located MBean 'statFilter': registering with JMX server as MBean [com.alibaba.druid.filter.stat:name=statFilter,type=StatFilter]
[2019-05-23 11:10:21][main][INFO ][o.s.context.support.DefaultLifecycleProcessor][?]Starting beans in phase 2147483647
[2019-05-23 11:10:21][main][INFO ][s.d.s.web.plugins.DocumentationPluginsBootstrapper][?]Context refreshed
[2019-05-23 11:10:21][main][INFO ][s.d.s.web.plugins.DocumentationPluginsBootstrapper][?]Found 1 custom documentation plugin(s)
[2019-05-23 11:10:21][main][INFO ][s.d.spring.web.scanners.ApiListingReferenceScanner][?]Scanning for api listing references
[2019-05-23 11:10:22][main][INFO ][org.apache.coyote.http11.Http11NioProtocol][?]Initializing ProtocolHandler ["http-nio-8080"]
[2019-05-23 11:10:22][main][INFO ][org.apache.coyote.http11.Http11NioProtocol][?]Starting ProtocolHandler ["http-nio-8080"]
[2019-05-23 11:10:22][main][INFO ][org.apache.tomcat.util.net.NioSelectorPool][180]Using a shared selector for servlet write/read
[2019-05-23 11:10:22][main][INFO ][o.s.b.c.e.tomcat.TomcatEmbeddedServletContainer][201]Tomcat started on port(s): 8080 (http)
[2019-05-23 11:10:22][main][INFO ][com.melelee.melelee.MeleleeApplication][?]Started MeleleeApplication in 15.705 seconds (JVM running for 16.896)
[2019-05-23 11:10:50][http-nio-8080-exec-1][INFO ][o.a.c.core.ContainerBase.[Tomcat].[localhost].[/]][180]Initializing Spring FrameworkServlet 'dispatcherServlet'
[2019-05-23 11:10:50][http-nio-8080-exec-1][INFO ][org.springframework.web.servlet.DispatcherServlet][?]FrameworkServlet 'dispatcherServlet': initialization started
[2019-05-23 11:10:50][http-nio-8080-exec-1][INFO ][org.springframework.web.servlet.DispatcherServlet][508]FrameworkServlet 'dispatcherServlet': initialization completed in 41 ms
[2019-05-23 18:01:28][main][INFO ][com.melelee.melelee.MeleleeApplication][?]Starting MeleleeApplication on llmeng with PID 2884 (D:\projects\github\melelee\target\classes started by Administrator in D:\projects\github\melelee)
[2019-05-23 18:01:28][main][INFO ][com.melelee.melelee.MeleleeApplication][597]The following profiles are active: dev
[2019-05-23 18:01:29][main][INFO ][o.s.b.c.e.AnnotationConfigEmbeddedWebApplicationContext][583]Refreshing org.springframework.boot.context.embedded.AnnotationConfigEmbeddedWebApplicationContext@53f6fd09: startup date [Thu May 23 18:01:29 CST 2019]; root of context hierarchy
[2019-05-23 18:01:29][background-preinit][INFO ][org.hibernate.validator.internal.util.Version][30]HV000001: Hibernate Validator 5.3.6.Final
[2019-05-23 18:01:31][main][INFO ][o.s.d.r.config.RepositoryConfigurationDelegate][165]Multiple Spring Data modules found, entering strict repository configuration mode!
[2019-05-23 18:01:32][main][INFO ][o.s.c.s.PostProcessorRegistrationDelegate$BeanPostProcessorChecker][327]Bean 'org.springframework.transaction.annotation.ProxyTransactionManagementConfiguration' of type [org.springframework.transaction.annotation.ProxyTransactionManagementConfiguration$$EnhancerBySpringCGLIB$$70298789] is not eligible for getting processed by all BeanPostProcessors (for example: not eligible for auto-proxying)
[2019-05-23 18:01:33][main][INFO ][o.s.b.c.e.tomcat.TomcatEmbeddedServletContainer][89]Tomcat initialized with port(s): 8080 (http)
[2019-05-23 18:01:33][main][INFO ][org.apache.catalina.core.StandardService][180]Starting service [Tomcat]
[2019-05-23 18:01:33][main][INFO ][org.apache.catalina.core.StandardEngine][?]Starting Servlet Engine: Apache Tomcat/8.5.27
[2019-05-23 18:01:33][localhost-startStop-1][INFO ][o.a.c.core.ContainerBase.[Tomcat].[localhost].[/]][180]Initializing Spring embedded WebApplicationContext
[2019-05-23 18:01:33][localhost-startStop-1][INFO ][org.springframework.web.context.ContextLoader][276]Root WebApplicationContext: initialization completed in 4771 ms
[2019-05-23 18:01:34][localhost-startStop-1][INFO ][o.s.boot.web.servlet.ServletRegistrationBean][?]Mapping servlet: 'dispatcherServlet' to [/]
[2019-05-23 18:01:34][localhost-startStop-1][INFO ][o.s.boot.web.servlet.ServletRegistrationBean][?]Mapping servlet: 'statViewServlet' to [/druid/*]
[2019-05-23 18:01:34][localhost-startStop-1][INFO ][o.s.boot.web.servlet.FilterRegistrationBean][258]Mapping filter: 'characterEncodingFilter' to: [/*]
[2019-05-23 18:01:34][localhost-startStop-1][INFO ][o.s.boot.web.servlet.FilterRegistrationBean][?]Mapping filter: 'hiddenHttpMethodFilter' to: [/*]
[2019-05-23 18:01:34][localhost-startStop-1][INFO ][o.s.boot.web.servlet.FilterRegistrationBean][258]Mapping filter: 'httpPutFormContentFilter' to: [/*]
[2019-05-23 18:01:34][localhost-startStop-1][INFO ][o.s.boot.web.servlet.FilterRegistrationBean][258]Mapping filter: 'requestContextFilter' to: [/*]
[2019-05-23 18:01:34][localhost-startStop-1][INFO ][o.s.boot.web.servlet.FilterRegistrationBean][?]Mapping filter: 'webStatFilter' to urls: [/*]
[2019-05-23 18:01:35][main][INFO ][c.a.d.s.b.a.DruidDataSourceAutoConfigure][?]Init DruidDataSource
[2019-05-23 18:01:39][main][INFO ][com.alibaba.druid.pool.DruidDataSource][930]{dataSource-1} inited
[2019-05-23 18:01:40][main][INFO ][o.s.w.s.m.m.a.RequestMappingHandlerMapping][543]Mapped "{[/user/save],methods=[POST]}" onto public java.lang.String com.melelee.melelee.controller.UserController.save(com.melelee.melelee.entity.User)
[2019-05-23 18:01:40][main][INFO ][o.s.w.s.m.m.a.RequestMappingHandlerMapping][543]Mapped "{[/swagger-resources]}" onto public org.springframework.http.ResponseEntity<java.util.List<springfox.documentation.swagger.web.SwaggerResource>> springfox.documentation.swagger.web.ApiResourceController.swaggerResources()
[2019-05-23 18:01:40][main][INFO ][o.s.w.s.m.m.a.RequestMappingHandlerMapping][?]Mapped "{[/swagger-resources/configuration/ui]}" onto public org.springframework.http.ResponseEntity<springfox.documentation.swagger.web.UiConfiguration> springfox.documentation.swagger.web.ApiResourceController.uiConfiguration()
[2019-05-23 18:01:40][main][INFO ][o.s.w.s.m.m.a.RequestMappingHandlerMapping][543]Mapped "{[/swagger-resources/configuration/security]}" onto public org.springframework.http.ResponseEntity<springfox.documentation.swagger.web.SecurityConfiguration> springfox.documentation.swagger.web.ApiResourceController.securityConfiguration()
[2019-05-23 18:01:40][main][INFO ][o.s.w.s.m.m.a.RequestMappingHandlerMapping][?]Mapped "{[/error]}" onto public org.springframework.http.ResponseEntity<java.util.Map<java.lang.String, java.lang.Object>> org.springframework.boot.autoconfigure.web.BasicErrorController.error(javax.servlet.http.HttpServletRequest)
[2019-05-23 18:01:40][main][INFO ][o.s.w.s.m.m.a.RequestMappingHandlerMapping][?]Mapped "{[/error],produces=[text/html]}" onto public org.springframework.web.servlet.ModelAndView org.springframework.boot.autoconfigure.web.BasicErrorController.errorHtml(javax.servlet.http.HttpServletRequest,javax.servlet.http.HttpServletResponse)
[2019-05-23 18:01:40][main][INFO ][s.d.s.w.PropertySourcedRequestMappingHandlerMapping][?]Mapped URL path [/v2/api-docs] onto method [public org.springframework.http.ResponseEntity<springfox.documentation.spring.web.json.Json> springfox.documentation.swagger2.web.Swagger2Controller.getDocumentation(java.lang.String,javax.servlet.http.HttpServletRequest)]
[2019-05-23 18:01:41][main][INFO ][o.s.w.s.m.m.a.RequestMappingHandlerAdapter][534]Looking for @ControllerAdvice: org.springframework.boot.context.embedded.AnnotationConfigEmbeddedWebApplicationContext@53f6fd09: startup date [Thu May 23 18:01:29 CST 2019]; root of context hierarchy
[2019-05-23 18:01:41][main][INFO ][o.s.web.servlet.handler.SimpleUrlHandlerMapping][?]Mapped URL path [/webjars/**] onto handler of type [class org.springframework.web.servlet.resource.ResourceHttpRequestHandler]
[2019-05-23 18:01:41][main][INFO ][o.s.web.servlet.handler.SimpleUrlHandlerMapping][?]Mapped URL path [/**] onto handler of type [class org.springframework.web.servlet.resource.ResourceHttpRequestHandler]
[2019-05-23 18:01:41][main][INFO ][o.s.w.s.m.m.a.ExceptionHandlerExceptionResolver][?]Detected @ExceptionHandler methods in globalExceptionHandler
[2019-05-23 18:01:41][main][INFO ][o.s.web.servlet.handler.SimpleUrlHandlerMapping][?]Mapped URL path [/**/favicon.ico] onto handler of type [class org.springframework.web.servlet.resource.ResourceHttpRequestHandler]
[2019-05-23 18:01:42][main][INFO ][o.s.ui.freemarker.SpringTemplateLoader][61]SpringTemplateLoader for FreeMarker: using resource loader [org.springframework.boot.context.embedded.AnnotationConfigEmbeddedWebApplicationContext@53f6fd09: startup date [Thu May 23 18:01:29 CST 2019]; root of context hierarchy] and template loader path [classpath:/templates/]
[2019-05-23 18:01:42][main][INFO ][o.s.w.servlet.view.freemarker.FreeMarkerConfigurer][127]ClassTemplateLoader for Spring macros added to FreeMarker configuration
[2019-05-23 18:01:43][main][INFO ][o.s.w.s.server.standard.ServerEndpointExporter][?]Registering @ServerEndpoint class: class com.melelee.melelee.controller.WebSocketController
[2019-05-23 18:01:43][main][INFO ][o.s.jmx.export.annotation.AnnotationMBeanExporter][431]Registering beans for JMX exposure on startup
[2019-05-23 18:01:43][main][INFO ][o.s.jmx.export.annotation.AnnotationMBeanExporter][?]Bean with name 'statFilter' has been autodetected for JMX exposure
[2019-05-23 18:01:43][main][INFO ][o.s.jmx.export.annotation.AnnotationMBeanExporter][916]Bean with name 'dataSource' has been autodetected for JMX exposure
[2019-05-23 18:01:43][main][INFO ][o.s.jmx.export.annotation.AnnotationMBeanExporter][?]Located MBean 'dataSource': registering with JMX server as MBean [com.alibaba.druid.spring.boot.autoconfigure:name=dataSource,type=DruidDataSourceWrapper]
[2019-05-23 18:01:43][main][INFO ][o.s.jmx.export.annotation.AnnotationMBeanExporter][671]Located MBean 'statFilter': registering with JMX server as MBean [com.alibaba.druid.filter.stat:name=statFilter,type=StatFilter]
[2019-05-23 18:01:43][main][INFO ][o.s.context.support.DefaultLifecycleProcessor][?]Starting beans in phase 2147483647
[2019-05-23 18:01:43][main][INFO ][s.d.s.web.plugins.DocumentationPluginsBootstrapper][?]Context refreshed
[2019-05-23 18:01:43][main][INFO ][s.d.s.web.plugins.DocumentationPluginsBootstrapper][150]Found 1 custom documentation plugin(s)
[2019-05-23 18:01:43][main][INFO ][s.d.spring.web.scanners.ApiListingReferenceScanner][?]Scanning for api listing references
[2019-05-23 18:01:44][main][INFO ][org.apache.coyote.http11.Http11NioProtocol][180]Initializing ProtocolHandler ["http-nio-8080"]
[2019-05-23 18:01:44][main][INFO ][org.apache.coyote.http11.Http11NioProtocol][?]Starting ProtocolHandler ["http-nio-8080"]
[2019-05-23 18:01:44][main][INFO ][org.apache.tomcat.util.net.NioSelectorPool][?]Using a shared selector for servlet write/read
[2019-05-23 18:01:44][main][INFO ][o.s.b.c.e.tomcat.TomcatEmbeddedServletContainer][201]Tomcat started on port(s): 8080 (http)
[2019-05-23 18:01:44][main][INFO ][com.melelee.melelee.MeleleeApplication][?]Started MeleleeApplication in 18.622 seconds (JVM running for 21.716)
